1731197419.885845 client started (25682): version 3.5a, socket /tmp/tmux-1000/default, protocol 8
1731197419.885931 on Linux 6.11.6-arch1-1 #1 SMP PREEMPT_DYNAMIC Fri, 01 Nov 2024 03:30:41 +0000
1731197419.885962 using libevent 2.1.12-stable poll
1731197419.885978 using ncurses 6.5 20240427
1731197419.886051 flags are 0x18010000
1731197419.886094 socket is /tmp/tmux-1000/default
1731197419.886134 trying connect
1731197419.886390 add peer 0x64fe0fb07e30: 6 ((nil))
1731197419.887498 sending message 111 to peer 0x64fe0fb07e30 (8 bytes)
1731197419.887537 sending message 111 to peer 0x64fe0fb07e30 (8 bytes)
1731197419.887554 sending message 101 to peer 0x64fe0fb07e30 (12 bytes)
1731197419.887569 sending message 109 to peer 0x64fe0fb07e30 (4 bytes)
1731197419.887584 sending message 102 to peer 0x64fe0fb07e30 (11 bytes)
1731197419.887599 sending message 108 to peer 0x64fe0fb07e30 (35 bytes)
1731197419.887614 sending message 112 to peer 0x64fe0fb07e30 (70 bytes)
1731197419.887629 sending message 112 to peer 0x64fe0fb07e30 (5 bytes)
1731197419.887643 sending message 112 to peer 0x64fe0fb07e30 (6 bytes)
1731197419.887658 sending message 112 to peer 0x64fe0fb07e30 (6 bytes)
1731197419.887672 sending message 112 to peer 0x64fe0fb07e30 (10 bytes)
1731197419.887686 sending message 112 to peer 0x64fe0fb07e30 (13 bytes)
1731197419.887701 sending message 112 to peer 0x64fe0fb07e30 (14 bytes)
1731197419.887715 sending message 112 to peer 0x64fe0fb07e30 (19 bytes)
1731197419.887729 sending message 112 to peer 0x64fe0fb07e30 (11 bytes)
1731197419.887743 sending message 112 to peer 0x64fe0fb07e30 (10 bytes)
1731197419.887758 sending message 112 to peer 0x64fe0fb07e30 (15 bytes)
1731197419.887772 sending message 112 to peer 0x64fe0fb07e30 (21 bytes)
1731197419.887786 sending message 112 to peer 0x64fe0fb07e30 (13 bytes)
1731197419.887800 sending message 112 to peer 0x64fe0fb07e30 (7 bytes)
1731197419.887814 sending message 112 to peer 0x64fe0fb07e30 (13 bytes)
1731197419.887829 sending message 112 to peer 0x64fe0fb07e30 (7 bytes)
1731197419.887844 sending message 112 to peer 0x64fe0fb07e30 (13 bytes)
1731197419.887858 sending message 112 to peer 0x64fe0fb07e30 (9 bytes)
1731197419.887872 sending message 112 to peer 0x64fe0fb07e30 (21 bytes)
1731197419.887886 sending message 112 to peer 0x64fe0fb07e30 (13 bytes)
1731197419.887900 sending message 112 to peer 0x64fe0fb07e30 (9 bytes)
1731197419.887914 sending message 112 to peer 0x64fe0fb07e30 (16 bytes)
1731197419.887929 sending message 112 to peer 0x64fe0fb07e30 (13 bytes)
1731197419.887943 sending message 112 to peer 0x64fe0fb07e30 (9 bytes)
1731197419.887957 sending message 112 to peer 0x64fe0fb07e30 (9 bytes)
1731197419.887971 sending message 112 to peer 0x64fe0fb07e30 (12 bytes)
1731197419.887986 sending message 112 to peer 0x64fe0fb07e30 (8 bytes)
1731197419.888000 sending message 112 to peer 0x64fe0fb07e30 (13 bytes)
1731197419.888015 sending message 112 to peer 0x64fe0fb07e30 (7 bytes)
1731197419.888029 sending message 112 to peer 0x64fe0fb07e30 (7 bytes)
1731197419.888043 sending message 112 to peer 0x64fe0fb07e30 (9 bytes)
1731197419.888058 sending message 112 to peer 0x64fe0fb07e30 (6 bytes)
1731197419.888072 sending message 112 to peer 0x64fe0fb07e30 (9 bytes)
1731197419.888087 sending message 112 to peer 0x64fe0fb07e30 (15 bytes)
1731197419.888101 sending message 112 to peer 0x64fe0fb07e30 (13 bytes)
1731197419.888115 sending message 112 to peer 0x64fe0fb07e30 (12 bytes)
1731197419.888129 sending message 112 to peer 0x64fe0fb07e30 (8 bytes)
1731197419.888144 sending message 112 to peer 0x64fe0fb07e30 (14 bytes)
1731197419.888158 sending message 112 to peer 0x64fe0fb07e30 (9 bytes)
1731197419.888172 sending message 112 to peer 0x64fe0fb07e30 (10 bytes)
1731197419.888186 sending message 112 to peer 0x64fe0fb07e30 (10 bytes)
1731197419.888201 sending message 112 to peer 0x64fe0fb07e30 (10 bytes)
1731197419.888215 sending message 112 to peer 0x64fe0fb07e30 (10 bytes)
1731197419.888229 sending message 112 to peer 0x64fe0fb07e30 (11 bytes)
1731197419.888243 sending message 112 to peer 0x64fe0fb07e30 (12 bytes)
1731197419.888355 sending message 112 to peer 0x64fe0fb07e30 (12 bytes)
1731197419.888406 sending message 112 to peer 0x64fe0fb07e30 (12 bytes)
1731197419.888421 sending message 112 to peer 0x64fe0fb07e30 (12 bytes)
1731197419.888435 sending message 112 to peer 0x64fe0fb07e30 (12 bytes)
1731197419.888449 sending message 112 to peer 0x64fe0fb07e30 (11 bytes)
1731197419.888464 sending message 112 to peer 0x64fe0fb07e30 (11 bytes)
1731197419.888478 sending message 112 to peer 0x64fe0fb07e30 (12 bytes)
1731197419.888492 sending message 112 to peer 0x64fe0fb07e30 (12 bytes)
1731197419.888507 sending message 112 to peer 0x64fe0fb07e30 (12 bytes)
1731197419.888521 sending message 112 to peer 0x64fe0fb07e30 (12 bytes)
1731197419.888535 sending message 112 to peer 0x64fe0fb07e30 (12 bytes)
1731197419.888549 sending message 112 to peer 0x64fe0fb07e30 (9 bytes)
1731197419.888564 sending message 112 to peer 0x64fe0fb07e30 (12 bytes)
1731197419.888578 sending message 112 to peer 0x64fe0fb07e30 (13 bytes)
1731197419.888592 sending message 112 to peer 0x64fe0fb07e30 (13 bytes)
1731197419.888606 sending message 112 to peer 0x64fe0fb07e30 (13 bytes)
1731197419.888621 sending message 112 to peer 0x64fe0fb07e30 (13 bytes)
1731197419.888635 sending message 112 to peer 0x64fe0fb07e30 (13 bytes)
1731197419.888649 sending message 112 to peer 0x64fe0fb07e30 (8 bytes)
1731197419.888664 sending message 112 to peer 0x64fe0fb07e30 (11 bytes)
1731197419.888678 sending message 112 to peer 0x64fe0fb07e30 (11 bytes)
1731197419.888693 sending message 112 to peer 0x64fe0fb07e30 (11 bytes)
1731197419.888707 sending message 112 to peer 0x64fe0fb07e30 (12 bytes)
1731197419.888721 sending message 112 to peer 0x64fe0fb07e30 (12 bytes)
1731197419.888736 sending message 112 to peer 0x64fe0fb07e30 (13 bytes)
1731197419.888750 sending message 112 to peer 0x64fe0fb07e30 (12 bytes)
1731197419.888764 sending message 112 to peer 0x64fe0fb07e30 (13 bytes)
1731197419.888778 sending message 112 to peer 0x64fe0fb07e30 (13 bytes)
1731197419.888793 sending message 112 to peer 0x64fe0fb07e30 (13 bytes)
1731197419.888807 sending message 112 to peer 0x64fe0fb07e30 (8 bytes)
1731197419.888821 sending message 112 to peer 0x64fe0fb07e30 (13 bytes)
1731197419.888835 sending message 112 to peer 0x64fe0fb07e30 (13 bytes)
1731197419.888850 sending message 112 to peer 0x64fe0fb07e30 (13 bytes)
1731197419.888864 sending message 112 to peer 0x64fe0fb07e30 (13 bytes)
1731197419.888878 sending message 112 to peer 0x64fe0fb07e30 (13 bytes)
1731197419.888893 sending message 112 to peer 0x64fe0fb07e30 (12 bytes)
1731197419.888907 sending message 112 to peer 0x64fe0fb07e30 (12 bytes)
1731197419.888921 sending message 112 to peer 0x64fe0fb07e30 (13 bytes)
1731197419.888935 sending message 112 to peer 0x64fe0fb07e30 (12 bytes)
1731197419.888949 sending message 112 to peer 0x64fe0fb07e30 (13 bytes)
1731197419.888964 sending message 112 to peer 0x64fe0fb07e30 (8 bytes)
1731197419.888978 sending message 112 to peer 0x64fe0fb07e30 (13 bytes)
1731197419.888992 sending message 112 to peer 0x64fe0fb07e30 (13 bytes)
1731197419.889007 sending message 112 to peer 0x64fe0fb07e30 (13 bytes)
1731197419.889021 sending message 112 to peer 0x64fe0fb07e30 (13 bytes)
1731197419.889035 sending message 112 to peer 0x64fe0fb07e30 (13 bytes)
1731197419.889049 sending message 112 to peer 0x64fe0fb07e30 (13 bytes)
1731197419.889063 sending message 112 to peer 0x64fe0fb07e30 (13 bytes)
1731197419.889078 sending message 112 to peer 0x64fe0fb07e30 (12 bytes)
1731197419.889092 sending message 112 to peer 0x64fe0fb07e30 (12 bytes)
1731197419.889106 sending message 112 to peer 0x64fe0fb07e30 (13 bytes)
1731197419.889120 sending message 112 to peer 0x64fe0fb07e30 (8 bytes)
1731197419.889134 sending message 112 to peer 0x64fe0fb07e30 (12 bytes)
1731197419.889149 sending message 112 to peer 0x64fe0fb07e30 (13 bytes)
1731197419.889163 sending message 112 to peer 0x64fe0fb07e30 (13 bytes)
1731197419.889178 sending message 112 to peer 0x64fe0fb07e30 (13 bytes)
1731197419.889192 sending message 112 to peer 0x64fe0fb07e30 (13 bytes)
1731197419.889226 sending message 112 to peer 0x64fe0fb07e30 (13 bytes)
1731197419.889242 sending message 112 to peer 0x64fe0fb07e30 (13 bytes)
1731197419.889256 sending message 112 to peer 0x64fe0fb07e30 (13 bytes)
1731197419.889271 sending message 112 to peer 0x64fe0fb07e30 (13 bytes)
1731197419.889285 sending message 112 to peer 0x64fe0fb07e30 (12 bytes)
1731197419.889299 sending message 112 to peer 0x64fe0fb07e30 (10 bytes)
1731197419.889314 sending message 112 to peer 0x64fe0fb07e30 (12 bytes)
1731197419.889328 sending message 112 to peer 0x64fe0fb07e30 (13 bytes)
1731197419.889342 sending message 112 to peer 0x64fe0fb07e30 (12 bytes)
1731197419.889357 sending message 112 to peer 0x64fe0fb07e30 (13 bytes)
1731197419.889371 sending message 112 to peer 0x64fe0fb07e30 (13 bytes)
1731197419.889385 sending message 112 to peer 0x64fe0fb07e30 (13 bytes)
1731197419.889400 sending message 112 to peer 0x64fe0fb07e30 (13 bytes)
1731197419.889414 sending message 112 to peer 0x64fe0fb07e30 (13 bytes)
1731197419.889428 sending message 112 to peer 0x64fe0fb07e30 (13 bytes)
1731197419.889442 sending message 112 to peer 0x64fe0fb07e30 (13 bytes)
1731197419.889456 sending message 112 to peer 0x64fe0fb07e30 (10 bytes)
1731197419.889470 sending message 112 to peer 0x64fe0fb07e30 (13 bytes)
1731197419.889485 sending message 112 to peer 0x64fe0fb07e30 (12 bytes)
1731197419.889499 sending message 112 to peer 0x64fe0fb07e30 (12 bytes)
1731197419.889513 sending message 112 to peer 0x64fe0fb07e30 (13 bytes)
1731197419.889528 sending message 112 to peer 0x64fe0fb07e30 (10 bytes)
1731197419.889542 sending message 112 to peer 0x64fe0fb07e30 (10 bytes)
1731197419.889556 sending message 112 to peer 0x64fe0fb07e30 (10 bytes)
1731197419.889570 sending message 112 to peer 0x64fe0fb07e30 (12 bytes)
1731197419.889584 sending message 112 to peer 0x64fe0fb07e30 (13 bytes)
1731197419.889599 sending message 112 to peer 0x64fe0fb07e30 (13 bytes)
1731197419.889613 sending message 112 to peer 0x64fe0fb07e30 (13 bytes)
1731197419.889627 sending message 112 to peer 0x64fe0fb07e30 (13 bytes)
1731197419.889641 sending message 112 to peer 0x64fe0fb07e30 (13 bytes)
1731197419.889655 sending message 112 to peer 0x64fe0fb07e30 (10 bytes)
1731197419.889669 sending message 112 to peer 0x64fe0fb07e30 (11 bytes)
1731197419.889684 sending message 112 to peer 0x64fe0fb07e30 (12 bytes)
1731197419.889710 sending message 112 to peer 0x64fe0fb07e30 (12 bytes)
1731197419.889735 sending message 112 to peer 0x64fe0fb07e30 (12 bytes)
1731197419.889756 sending message 112 to peer 0x64fe0fb07e30 (12 bytes)
1731197419.889783 sending message 112 to peer 0x64fe0fb07e30 (12 bytes)
1731197419.889808 sending message 112 to peer 0x64fe0fb07e30 (11 bytes)
1731197419.889825 sending message 112 to peer 0x64fe0fb07e30 (12 bytes)
1731197419.889839 sending message 112 to peer 0x64fe0fb07e30 (12 bytes)
1731197419.889854 sending message 112 to peer 0x64fe0fb07e30 (13 bytes)
1731197419.889868 sending message 112 to peer 0x64fe0fb07e30 (13 bytes)
1731197419.889882 sending message 112 to peer 0x64fe0fb07e30 (13 bytes)
1731197419.889896 sending message 112 to peer 0x64fe0fb07e30 (13 bytes)
1731197419.889911 sending message 112 to peer 0x64fe0fb07e30 (13 bytes)
1731197419.889925 sending message 112 to peer 0x64fe0fb07e30 (10 bytes)
1731197419.889939 sending message 112 to peer 0x64fe0fb07e30 (9 bytes)
1731197419.889954 sending message 112 to peer 0x64fe0fb07e30 (12 bytes)
1731197419.889968 sending message 112 to peer 0x64fe0fb07e30 (13 bytes)
1731197419.889982 sending message 112 to peer 0x64fe0fb07e30 (13 bytes)
1731197419.889996 sending message 112 to peer 0x64fe0fb07e30 (13 bytes)
1731197419.890011 sending message 112 to peer 0x64fe0fb07e30 (13 bytes)
1731197419.890025 sending message 112 to peer 0x64fe0fb07e30 (13 bytes)
1731197419.890039 sending message 112 to peer 0x64fe0fb07e30 (9 bytes)
1731197419.890053 sending message 112 to peer 0x64fe0fb07e30 (12 bytes)
1731197419.890067 sending message 112 to peer 0x64fe0fb07e30 (13 bytes)
1731197419.890081 sending message 112 to peer 0x64fe0fb07e30 (13 bytes)
1731197419.890117 sending message 112 to peer 0x64fe0fb07e30 (13 bytes)
1731197419.890132 sending message 112 to peer 0x64fe0fb07e30 (13 bytes)
1731197419.890147 sending message 112 to peer 0x64fe0fb07e30 (13 bytes)
1731197419.890161 sending message 112 to peer 0x64fe0fb07e30 (11 bytes)
1731197419.890175 sending message 112 to peer 0x64fe0fb07e30 (12 bytes)
1731197419.890190 sending message 112 to peer 0x64fe0fb07e30 (13 bytes)
1731197419.890204 sending message 112 to peer 0x64fe0fb07e30 (13 bytes)
1731197419.890218 sending message 112 to peer 0x64fe0fb07e30 (13 bytes)
1731197419.890232 sending message 112 to peer 0x64fe0fb07e30 (13 bytes)
1731197419.890247 sending message 112 to peer 0x64fe0fb07e30 (13 bytes)
1731197419.890261 sending message 112 to peer 0x64fe0fb07e30 (11 bytes)
1731197419.890275 sending message 112 to peer 0x64fe0fb07e30 (12 bytes)
1731197419.890289 sending message 112 to peer 0x64fe0fb07e30 (12 bytes)
1731197419.890303 sending message 112 to peer 0x64fe0fb07e30 (12 bytes)
1731197419.890318 sending message 112 to peer 0x64fe0fb07e30 (12 bytes)
1731197419.890355 sending message 112 to peer 0x64fe0fb07e30 (12 bytes)
1731197419.890370 sending message 112 to peer 0x64fe0fb07e30 (22 bytes)
1731197419.890385 sending message 112 to peer 0x64fe0fb07e30 (12 bytes)
1731197419.890399 sending message 112 to peer 0x64fe0fb07e30 (9 bytes)
1731197419.890414 sending message 112 to peer 0x64fe0fb07e30 (6 bytes)
1731197419.890428 sending message 112 to peer 0x64fe0fb07e30 (13 bytes)
1731197419.890443 sending message 112 to peer 0x64fe0fb07e30 (10 bytes)
1731197419.890458 sending message 112 to peer 0x64fe0fb07e30 (15 bytes)
1731197419.890472 sending message 112 to peer 0x64fe0fb07e30 (11 bytes)
1731197419.890487 sending message 112 to peer 0x64fe0fb07e30 (9 bytes)
1731197419.890502 sending message 112 to peer 0x64fe0fb07e30 (70 bytes)
1731197419.890517 sending message 112 to peer 0x64fe0fb07e30 (69 bytes)
1731197419.890532 sending message 112 to peer 0x64fe0fb07e30 (34 bytes)
1731197419.890547 sending message 112 to peer 0x64fe0fb07e30 (34 bytes)
1731197419.890562 sending message 112 to peer 0x64fe0fb07e30 (69 bytes)
1731197419.890577 sending message 112 to peer 0x64fe0fb07e30 (12 bytes)
1731197419.890591 sending message 112 to peer 0x64fe0fb07e30 (10 bytes)
1731197419.890606 sending message 112 to peer 0x64fe0fb07e30 (10 bytes)
1731197419.890620 sending message 112 to peer 0x64fe0fb07e30 (15 bytes)
1731197419.890635 sending message 112 to peer 0x64fe0fb07e30 (11 bytes)
1731197419.890649 sending message 112 to peer 0x64fe0fb07e30 (10 bytes)
1731197419.890664 sending message 112 to peer 0x64fe0fb07e30 (10 bytes)
1731197419.890678 sending message 112 to peer 0x64fe0fb07e30 (17 bytes)
1731197419.890693 sending message 112 to peer 0x64fe0fb07e30 (10 bytes)
1731197419.890708 sending message 112 to peer 0x64fe0fb07e30 (13 bytes)
1731197419.890724 sending message 112 to peer 0x64fe0fb07e30 (17 bytes)
1731197419.890738 sending message 112 to peer 0x64fe0fb07e30 (5 bytes)
1731197419.890753 sending message 112 to peer 0x64fe0fb07e30 (9 bytes)
1731197419.890768 sending message 112 to peer 0x64fe0fb07e30 (15 bytes)
1731197419.890787 sending message 104 to peer 0x64fe0fb07e30 (0 bytes)
1731197419.890805 sending message 110 to peer 0x64fe0fb07e30 (0 bytes)
1731197419.890823 sending message 107 to peer 0x64fe0fb07e30 (4 bytes)
1731197419.890838 sending message 105 to peer 0x64fe0fb07e30 (19 bytes)
1731197419.890853 sending message 105 to peer 0x64fe0fb07e30 (22 bytes)
1731197419.890868 sending message 105 to peer 0x64fe0fb07e30 (20 bytes)
1731197419.890883 sending message 105 to peer 0x64fe0fb07e30 (25 bytes)
1731197419.890897 sending message 105 to peer 0x64fe0fb07e30 (64 bytes)
1731197419.890912 sending message 105 to peer 0x64fe0fb07e30 (16 bytes)
1731197419.890927 sending message 105 to peer 0x64fe0fb07e30 (15 bytes)
1731197419.890942 sending message 105 to peer 0x64fe0fb07e30 (39 bytes)
1731197419.890958 sending message 105 to peer 0x64fe0fb07e30 (29 bytes)
1731197419.890972 sending message 105 to peer 0x64fe0fb07e30 (15 bytes)
1731197419.891002 sending message 105 to peer 0x64fe0fb07e30 (25 bytes)
1731197419.891018 sending message 105 to peer 0x64fe0fb07e30 (15 bytes)
1731197419.891033 sending message 105 to peer 0x64fe0fb07e30 (21 bytes)
1731197419.891048 sending message 105 to peer 0x64fe0fb07e30 (18 bytes)
1731197419.891062 sending message 105 to peer 0x64fe0fb07e30 (16 bytes)
1731197419.891077 sending message 105 to peer 0x64fe0fb07e30 (17 bytes)
1731197419.891091 sending message 105 to peer 0x64fe0fb07e30 (30 bytes)
1731197419.891106 sending message 105 to peer 0x64fe0fb07e30 (29 bytes)
1731197419.891121 sending message 105 to peer 0x64fe0fb07e30 (26 bytes)
1731197419.891137 sending message 105 to peer 0x64fe0fb07e30 (23 bytes)
1731197419.891151 sending message 105 to peer 0x64fe0fb07e30 (12 bytes)
1731197419.891166 sending message 105 to peer 0x64fe0fb07e30 (91 bytes)
1731197419.891181 sending message 105 to peer 0x64fe0fb07e30 (11 bytes)
1731197419.891196 sending message 105 to peer 0x64fe0fb07e30 (8 bytes)
1731197419.891210 sending message 105 to peer 0x64fe0fb07e30 (21 bytes)
1731197419.891225 sending message 105 to peer 0x64fe0fb07e30 (11 bytes)
1731197419.891239 sending message 105 to peer 0x64fe0fb07e30 (17 bytes)
1731197419.891254 sending message 105 to peer 0x64fe0fb07e30 (31 bytes)
1731197419.891268 sending message 105 to peer 0x64fe0fb07e30 (123 bytes)
1731197419.891284 sending message 105 to peer 0x64fe0fb07e30 (118 bytes)
1731197419.891299 sending message 105 to peer 0x64fe0fb07e30 (20 bytes)
1731197419.891314 sending message 105 to peer 0x64fe0fb07e30 (54 bytes)
1731197419.891329 sending message 105 to peer 0x64fe0fb07e30 (28 bytes)
1731197419.891343 sending message 105 to peer 0x64fe0fb07e30 (19 bytes)
1731197419.891358 sending message 105 to peer 0x64fe0fb07e30 (16 bytes)
1731197419.891372 sending message 105 to peer 0x64fe0fb07e30 (18 bytes)
1731197419.891387 sending message 105 to peer 0x64fe0fb07e30 (17 bytes)
1731197419.891401 sending message 105 to peer 0x64fe0fb07e30 (20 bytes)
1731197419.891416 sending message 105 to peer 0x64fe0fb07e30 (15 bytes)
1731197419.891430 sending message 105 to peer 0x64fe0fb07e30 (60 bytes)
1731197419.891445 sending message 105 to peer 0x64fe0fb07e30 (33 bytes)
1731197419.891459 sending message 105 to peer 0x64fe0fb07e30 (38 bytes)
1731197419.891473 sending message 105 to peer 0x64fe0fb07e30 (20 bytes)
1731197419.891488 sending message 105 to peer 0x64fe0fb07e30 (23 bytes)
1731197419.891502 sending message 105 to peer 0x64fe0fb07e30 (12 bytes)
1731197419.891517 sending message 105 to peer 0x64fe0fb07e30 (41 bytes)
1731197419.891531 sending message 105 to peer 0x64fe0fb07e30 (19 bytes)
1731197419.891546 sending message 105 to peer 0x64fe0fb07e30 (38 bytes)
1731197419.891562 sending message 106 to peer 0x64fe0fb07e30 (0 bytes)
1731197419.891760 sending message 200 to peer 0x64fe0fb07e30 (4 bytes)
1731197419.891785 client loop enter
1731197419.917695 peer 0x64fe0fb07e30 message 207
1731197419.917767 sending message 208 to peer 0x64fe0fb07e30 (0 bytes)
1731197425.004414 peer 0x64fe0fb07e30 message 203
1731197425.004431 sending message 205 to peer 0x64fe0fb07e30 (0 bytes)
1731197425.004874 peer 0x64fe0fb07e30 message 204
1731197425.004896 client loop exit
